<?xml version="1.0" encoding="ISO-8859-1" ?>
<!DOCTYPE html PUBLIC "-//W3C//DTD XHTML 1.0 Strict//EN"
"http://www.w3.org/TR/xhtml1/DTD/xhtml1-strict.dtd">
<html xmlns="http://www.w3.org/1999/xhtml" xml:lang="en" lang="en">
<head>
  <meta http-equiv="Content-Type" content="text/html;charset=utf-8" />
  <meta name="description" content="TestNG unit test results." />
  <link href="css/bootstrap.min.css" rel="stylesheet" />
  <link href="css/reportngClass.css" rel="stylesheet" />
  <script type="text/javascript" src="js/reportngClass.js"></script>
  <script type="text/javascript" src="js/jquery-1.4.4.min.js"></script> 
  <script type="text/javascript" src="js/jquery.tablesorter.min.js"></script>
  <script type="text/javascript" src="js/json-min.js"></script>
  <script type="text/javascript">
	$(document).ready(function(){
		$('.tablesorter').tablesorter({sortList: [[0,0]]});
	});
  </script>
</head>
<body onload="doParse(); return false;" onkeypress="collapseExpand();">
<div class="well well-large">
	<b>Test Info</>
	<table class="table">
	  <tr>
	    <th>Test Name : </th>
	    <th>
	    	<div class="tooltipCustom">
	    		<img src="images/copy.png" width="10" height="15" alt="Copy to Clipboard" onclick="copyToClipboard('#testNameId')"/>
	    		<span class="tooltiptextCustom">Copy Test name</span>
			</div>
	    </th>
	    <th id="testNameId">Regression</th> 
	  </tr>
	  <tr>
	    <th>Test Class : </th>
	    <th>
	    	<div class="tooltipCustom">
	    		<img src="images/copy.png" width="10" height="15" alt="Copy to Clipboard" onclick="copyToClipboard('#testClassId')"/>
	    		<span class="tooltiptextCustom">Copy full path Class name</span>
			</div>
	    	<div class="tooltipCustom">
	    		<img src="images/copy.png" width="10" height="15" alt="Copy to Clipboard" onclick="copyToClipboard('#testClassNameId')"/>
	    		<span class="tooltiptextCustom">Copy Class name</span>
			</div>
	    </th> 
	    <th id="testClassId">VivekTechnologies.testcases.Login<br>VivekTechnologies.testcases.AddCustomerTest<br></th>
	    <th id="testClassNameId" hidden="true">Login<br>AddCustomerTest<br></th>
	  </tr>
	  <tr>
	    <th>Suite Name : </th>
	    <th>
	    	<div class="tooltipCustom">
	    		<img src="images/copy.png" width="10" height="15" alt="Copy to Clipboard" onclick="copyToClipboard('#suiteNameId')"/>
	    		<span class="tooltiptextCustom">Copy Suite name</span>
			</div>
		</th>
	    <th id="suiteNameId">Data Driven Basics</th>
	  </tr>
	  <tr>
	    <th>Suite XML : </th>
	    <th>
	    	<div class="tooltipCustom">
	    		<img src="images/copy.png" width="10" height="15" alt="Copy to Clipboard" onclick="copyToClipboard('#suiteXMLId')"/>
	    		<span class="tooltiptextCustom">Copy Suite full path name</span>
			</div>
	    	<div class="tooltipCustom">
	    		<img src="images/copy.png" width="10" height="15" alt="Copy to Clipboard" onclick="copyToClipboard('#suiteXMLNameId')"/>
	    		<span class="tooltiptextCustom">Copy Suite file name</span>
			</div>
	    </th> 
	  	<th id="suiteXMLId">C:\Users\Avenger\IdeaProjects\TestNG_June2021\src\test\resources\runner\testng.xml</th>
	  	<th id="suiteXMLNameId" hidden="true">testng.xml</th>
	  </tr>
	  	  <tr>
	    <th>Total Time : </th>
	    <th></th>
	    <th>00:00:00</th> 
	  </tr>
	  <tr>
	    <th>Total Steps : </th>
	   	<th></th>
	    <th>1</th> 
	  </tr>
	  <tr>
	    <th>Status : </th>
	    <th></th>
	    <th><font color="yellow">SKIP</font></th> 
	  </tr>
	</table>
</div>
<div class="well well-large">
	<div class="row">
		<div class="col-xs-12">
	        <div class="text-right">
	            <button id="hideResults" type="button" class="btn-danger" onclick="collapseExpand(this);" onkeypress="collapseExpand(this);" class="btn pull-right" title="Click or Press Any key to collapse/expand All Failed Tests and Configuration Methods">Show Only Failures</button>
	        </div>
	    </div>
	</div>
	<table class="tablesorter" border="1">
		<thead>
		<tr>
		<th class="headerTime">Time</th>
		<th class="headerTime" width="12%">Info</th>
		<th class="headerTime" width="88%">Test</th>
		</tr>
		</thead>
		<tbody>
		
									<tr>
		<td class="time">1637985782954</td>
		<td class="header failedConfig" colspan="4" onClick="toggleElement('ba94a006-7cf3-4a96-962c-706d9ed5a132','block');changeSingleIcon('span-ba94a006-7cf3-4a96-962c-706d9ed5a132');" title="Click to expand/collapse" style="cursor: pointer;">
		<div style="float:left;"><i>Class&nbsp;:&nbsp;</i>VivekTechnologies.testcases.Login</div>
		<div style="float:right;">@BeforeSuite &nbsp;&nbsp;<span id='span-ba94a006-7cf3-4a96-962c-706d9ed5a132' class="glyphicon glyphicon-menu-down"></span></div>
		</td>
	</tr>
			<tr>
		<td class="time">1637985782954</td>
		<td class="methodConfiguration">
				<span class="description"><b>Class: </b>class VivekTechnologies.base.TestBase</span><br>
		<span class="description"><b>Method: </b>setup</span><br>
				<span class="duration"><b>Duration: </b>2.492s</span><br>
		</td>
		<td class="resultConfiguration">
										<div class="stackTrace" id="ba94a006-7cf3-4a96-962c-706d9ed5a132">
								<a href="javascript:toggleElement('exception-ba94a006-7cf3-4a96-962c-706d9ed5a132','block')" title="Click to expand/collapse"><b>org.openqa.selenium.SessionNotCreatedException: session not created: This version of ChromeDriver only supports Chrome version 91<br/>
Current browser version is 96.0.4664.45 with binary path C:\Program Files (x86)\Google\Chrome\Application\chrome.exe<br/>
Build info: version: &apos;3.141.59&apos;, revision: &apos;e82be7d358&apos;, time: &apos;2018-11-14T08:17:03&apos;<br/>
System info: host: &apos;AVENGER-PC&apos;, ip: &apos;192.168.29.136&apos;, os.name: &apos;Windows 10&apos;, os.arch: &apos;amd64&apos;, os.version: &apos;10.0&apos;, java.version: &apos;1.8.0_231&apos;<br/>
Driver info: driver.version: ChromeDriver<br/>
remote stacktrace: Backtrace:<br/>
	Ordinal0 [0x004D3733+2504499]<br/>
	Ordinal0 [0x0046C401+2081793]<br/>
	Ordinal0 [0x00372628+1058344]<br/>
	Ordinal0 [0x0039071A+1181466]<br/>
	Ordinal0 [0x0038C58C+1164684]<br/>
	Ordinal0 [0x00389DC3+1154499]<br/>
	Ordinal0 [0x003B9B82+1350530]<br/>
	Ordinal0 [0x003B97DA+1349594]<br/>
	Ordinal0 [0x003B5D4B+1334603]<br/>
	Ordinal0 [0x003922B4+1188532]<br/>
	Ordinal0 [0x00393149+1192265]<br/>
	GetHandleVerifier [0x0064FB8C+1512252]<br/>
	GetHandleVerifier [0x006FB0DF+2214031]<br/>
	GetHandleVerifier [0x00554BC3+484211]<br/>
	GetHandleVerifier [0x00553E69+480793]<br/>
	Ordinal0 [0x0047218D+2105741]<br/>
	Ordinal0 [0x004766E8+2123496]<br/>
	Ordinal0 [0x00476827+2123815]<br/>
	Ordinal0 [0x0047FB73+2161523]<br/>
	BaseThreadInitThunk [0x7540FA29+25]<br/>
	RtlGetAppContainerNamedObjectPath [0x773C7A9E+286]<br/>
	RtlGetAppContainerNamedObjectPath [0x773C7A6E+238]<br/>
</b></a><br>
		    <div class="stackTrace" id="exception-ba94a006-7cf3-4a96-962c-706d9ed5a132">
							sun.reflect.NativeConstructorAccessorImpl.newInstance0(Native Method)<br>
							sun.reflect.NativeConstructorAccessorImpl.newInstance(NativeConstructorAccessorImpl.java:62)<br>
							sun.reflect.DelegatingConstructorAccessorImpl.newInstance(DelegatingConstructorAccessorImpl.java:45)<br>
							java.lang.reflect.Constructor.newInstance(Constructor.java:423)<br>
							org.openqa.selenium.remote.W3CHandshakeResponse.lambda$errorHandler$0(W3CHandshakeResponse.java:62)<br>
							org.openqa.selenium.remote.HandshakeResponse.lambda$getResponseFunction$0(HandshakeResponse.java:30)<br>
							org.openqa.selenium.remote.ProtocolHandshake.lambda$createSession$0(ProtocolHandshake.java:126)<br>
							java.util.stream.ReferencePipeline$3$1.accept(ReferencePipeline.java:193)<br>
							java.util.Spliterators$ArraySpliterator.tryAdvance(Spliterators.java:958)<br>
							java.util.stream.ReferencePipeline.forEachWithCancel(ReferencePipeline.java:126)<br>
							java.util.stream.AbstractPipeline.copyIntoWithCancel(AbstractPipeline.java:499)<br>
							java.util.stream.AbstractPipeline.copyInto(AbstractPipeline.java:486)<br>
							java.util.stream.AbstractPipeline.wrapAndCopyInto(AbstractPipeline.java:472)<br>
							java.util.stream.FindOps$FindOp.evaluateSequential(FindOps.java:152)<br>
							java.util.stream.AbstractPipeline.evaluate(AbstractPipeline.java:234)<br>
							java.util.stream.ReferencePipeline.findFirst(ReferencePipeline.java:464)<br>
							org.openqa.selenium.remote.ProtocolHandshake.createSession(ProtocolHandshake.java:128)<br>
							org.openqa.selenium.remote.ProtocolHandshake.createSession(ProtocolHandshake.java:74)<br>
							org.openqa.selenium.remote.HttpCommandExecutor.execute(HttpCommandExecutor.java:136)<br>
							org.openqa.selenium.remote.service.DriverCommandExecutor.execute(DriverCommandExecutor.java:83)<br>
							org.openqa.selenium.remote.RemoteWebDriver.execute(RemoteWebDriver.java:552)<br>
							org.openqa.selenium.remote.RemoteWebDriver.startSession(RemoteWebDriver.java:213)<br>
							org.openqa.selenium.remote.RemoteWebDriver.&lt;init&gt;(RemoteWebDriver.java:131)<br>
							org.openqa.selenium.chrome.ChromeDriver.&lt;init&gt;(ChromeDriver.java:181)<br>
							org.openqa.selenium.chrome.ChromeDriver.&lt;init&gt;(ChromeDriver.java:168)<br>
							org.openqa.selenium.chrome.ChromeDriver.&lt;init&gt;(ChromeDriver.java:123)<br>
							VivekTechnologies.base.TestBase.setup(TestBase.java:78)<br>
							sun.reflect.NativeMethodAccessorImpl.invoke0(Native Method)<br>
							sun.reflect.NativeMethodAccessorImpl.invoke(NativeMethodAccessorImpl.java:62)<br>
							sun.reflect.DelegatingMethodAccessorImpl.invoke(DelegatingMethodAccessorImpl.java:43)<br>
							java.lang.reflect.Method.invoke(Method.java:498)<br>
							org.testng.internal.MethodInvocationHelper.invokeMethod(MethodInvocationHelper.java:134)<br>
							org.testng.internal.MethodInvocationHelper.invokeMethodConsideringTimeout(MethodInvocationHelper.java:63)<br>
							org.testng.internal.ConfigInvoker.invokeConfigurationMethod(ConfigInvoker.java:348)<br>
							org.testng.internal.ConfigInvoker.invokeConfigurations(ConfigInvoker.java:302)<br>
							org.testng.SuiteRunner.privateRun(SuiteRunner.java:327)<br>
							org.testng.SuiteRunner.run(SuiteRunner.java:286)<br>
							org.testng.SuiteRunnerWorker.runSuite(SuiteRunnerWorker.java:53)<br>
							org.testng.SuiteRunnerWorker.run(SuiteRunnerWorker.java:96)<br>
							org.testng.TestNG.runSuitesSequentially(TestNG.java:1187)<br>
							org.testng.TestNG.runSuitesLocally(TestNG.java:1109)<br>
							org.testng.TestNG.runSuites(TestNG.java:1039)<br>
							org.testng.TestNG.run(TestNG.java:1007)<br>
							org.apache.maven.surefire.testng.TestNGExecutor.run(TestNGExecutor.java:284)<br>
							org.apache.maven.surefire.testng.TestNGXmlTestSuite.execute(TestNGXmlTestSuite.java:75)<br>
							org.apache.maven.surefire.testng.TestNGProvider.invoke(TestNGProvider.java:119)<br>
							org.apache.maven.surefire.booter.ForkedBooter.runSuitesInProcess(ForkedBooter.java:428)<br>
							org.apache.maven.surefire.booter.ForkedBooter.execute(ForkedBooter.java:162)<br>
							org.apache.maven.surefire.booter.ForkedBooter.run(ForkedBooter.java:562)<br>
							org.apache.maven.surefire.booter.ForkedBooter.main(ForkedBooter.java:548)<br>
									</div>
				</div>
		</td>
	</tr>
						
					    				<tr>
		<td class="time">1637985785727</td>
		<td class="header skippedConfig" colspan="4" onClick="toggleElement('702530b6-cb22-44eb-951a-d4d6a0317b46','block');changeSingleIcon('span-702530b6-cb22-44eb-951a-d4d6a0317b46');" title="Click to expand/collapse">
		<div style="float:left;"><i>Class&nbsp;:&nbsp;</i>VivekTechnologies.testcases.Login</div>
		<div style="float:right;">@AfterSuite &nbsp;&nbsp;<span id='span-702530b6-cb22-44eb-951a-d4d6a0317b46' class="glyphicon glyphicon-menu-down"></span></div>
		</td>
	</tr>
		<tr>
		<td class="time">1637985785727</td>
		<td class="methodConfiguration">
				<span class="description"><b>Class: </b>class VivekTechnologies.base.TestBase</span><br>
		<span class="description"><b>Method: </b>teardown</span><br>
				<span class="duration"><b>Duration: </b>-1637985785.727s</span><br>
		</td>
		<td class="resultConfiguration">
				 														<div class="stackTrace" id="702530b6-cb22-44eb-951a-d4d6a0317b46">
							</div>
		</td>
	</tr>
	    	    		
				
				
											<tr>
	<td class="time">1637985785540</td>
	<td class="header skipped" colspan="4" onClick="toggleElement('6089c573-4d75-4363-aded-e730a217a40a','block');changeSingleIcon('span-6089c573-4d75-4363-aded-e730a217a40a');" title="Click to expand/collapse" style="cursor: pointer;">
	<div style="float:left;"><i>Class&nbsp;:&nbsp;</i>VivekTechnologies.testcases.Login</div>
	<div style="float:right;">@Test &nbsp;&nbsp;<span id='span-6089c573-4d75-4363-aded-e730a217a40a' class="glyphicon glyphicon-menu-down"></span></div>
	</td>
	</tr>
<tr>
	<td class="time">1637985785540</td>
	<td class="methodTest">
		<span class="description"><b>Method: </b>test1</span><br>
			<span class="description"><b>Description: </b></span><br>
				<span class="description"><b>Priority: </b><font color='blue'>1</font></span><br>
					<span class="description"><b>Groups: </b><font color='green'>kiana</font></span><br>
				<span class="duration"><b>Duration: </b>0.000s</span><br>
	</td>
	<td class="result">
		 									<div class="stackTrace" id="6089c573-4d75-4363-aded-e730a217a40a" style="display: block;">
												==============================================================================================<br>
												Total Passed: 0(+0), Failures: 0(+0), Skips: 1(+1)<br>
												==============================================================================================<br>
												==============================================================================================<br>
												Total Passed: 0(+0), Failures: 0(+0), Skips: 2(+1)<br>
												==============================================================================================<br>
									<a href="javascript:toggleElement('exception-6089c573-4d75-4363-aded-e730a217a40a','block')" title="Click to expand/collapse"><b>org.openqa.selenium.SessionNotCreatedException: session not created: This version of ChromeDriver only supports Chrome version 91<br/>
Current browser version is 96.0.4664.45 with binary path C:\Program Files (x86)\Google\Chrome\Application\chrome.exe<br/>
Build info: version: &apos;3.141.59&apos;, revision: &apos;e82be7d358&apos;, time: &apos;2018-11-14T08:17:03&apos;<br/>
System info: host: &apos;AVENGER-PC&apos;, ip: &apos;192.168.29.136&apos;, os.name: &apos;Windows 10&apos;, os.arch: &apos;amd64&apos;, os.version: &apos;10.0&apos;, java.version: &apos;1.8.0_231&apos;<br/>
Driver info: driver.version: ChromeDriver<br/>
remote stacktrace: Backtrace:<br/>
	Ordinal0 [0x004D3733+2504499]<br/>
	Ordinal0 [0x0046C401+2081793]<br/>
	Ordinal0 [0x00372628+1058344]<br/>
	Ordinal0 [0x0039071A+1181466]<br/>
	Ordinal0 [0x0038C58C+1164684]<br/>
	Ordinal0 [0x00389DC3+1154499]<br/>
	Ordinal0 [0x003B9B82+1350530]<br/>
	Ordinal0 [0x003B97DA+1349594]<br/>
	Ordinal0 [0x003B5D4B+1334603]<br/>
	Ordinal0 [0x003922B4+1188532]<br/>
	Ordinal0 [0x00393149+1192265]<br/>
	GetHandleVerifier [0x0064FB8C+1512252]<br/>
	GetHandleVerifier [0x006FB0DF+2214031]<br/>
	GetHandleVerifier [0x00554BC3+484211]<br/>
	GetHandleVerifier [0x00553E69+480793]<br/>
	Ordinal0 [0x0047218D+2105741]<br/>
	Ordinal0 [0x004766E8+2123496]<br/>
	Ordinal0 [0x00476827+2123815]<br/>
	Ordinal0 [0x0047FB73+2161523]<br/>
	BaseThreadInitThunk [0x7540FA29+25]<br/>
	RtlGetAppContainerNamedObjectPath [0x773C7A9E+286]<br/>
	RtlGetAppContainerNamedObjectPath [0x773C7A6E+238]<br/>
</b></a><br/>
		<div class="stackTrace" id="exception-6089c573-4d75-4363-aded-e730a217a40a">
					sun.reflect.NativeConstructorAccessorImpl.newInstance0(Native Method)<br/>
					sun.reflect.NativeConstructorAccessorImpl.newInstance(NativeConstructorAccessorImpl.java:62)<br/>
					sun.reflect.DelegatingConstructorAccessorImpl.newInstance(DelegatingConstructorAccessorImpl.java:45)<br/>
					java.lang.reflect.Constructor.newInstance(Constructor.java:423)<br/>
					org.openqa.selenium.remote.W3CHandshakeResponse.lambda$errorHandler$0(W3CHandshakeResponse.java:62)<br/>
					org.openqa.selenium.remote.HandshakeResponse.lambda$getResponseFunction$0(HandshakeResponse.java:30)<br/>
					org.openqa.selenium.remote.ProtocolHandshake.lambda$createSession$0(ProtocolHandshake.java:126)<br/>
					java.util.stream.ReferencePipeline$3$1.accept(ReferencePipeline.java:193)<br/>
					java.util.Spliterators$ArraySpliterator.tryAdvance(Spliterators.java:958)<br/>
					java.util.stream.ReferencePipeline.forEachWithCancel(ReferencePipeline.java:126)<br/>
					java.util.stream.AbstractPipeline.copyIntoWithCancel(AbstractPipeline.java:499)<br/>
					java.util.stream.AbstractPipeline.copyInto(AbstractPipeline.java:486)<br/>
					java.util.stream.AbstractPipeline.wrapAndCopyInto(AbstractPipeline.java:472)<br/>
					java.util.stream.FindOps$FindOp.evaluateSequential(FindOps.java:152)<br/>
					java.util.stream.AbstractPipeline.evaluate(AbstractPipeline.java:234)<br/>
					java.util.stream.ReferencePipeline.findFirst(ReferencePipeline.java:464)<br/>
					org.openqa.selenium.remote.ProtocolHandshake.createSession(ProtocolHandshake.java:128)<br/>
					org.openqa.selenium.remote.ProtocolHandshake.createSession(ProtocolHandshake.java:74)<br/>
					org.openqa.selenium.remote.HttpCommandExecutor.execute(HttpCommandExecutor.java:136)<br/>
					org.openqa.selenium.remote.service.DriverCommandExecutor.execute(DriverCommandExecutor.java:83)<br/>
					org.openqa.selenium.remote.RemoteWebDriver.execute(RemoteWebDriver.java:552)<br/>
					org.openqa.selenium.remote.RemoteWebDriver.startSession(RemoteWebDriver.java:213)<br/>
					org.openqa.selenium.remote.RemoteWebDriver.&lt;init&gt;(RemoteWebDriver.java:131)<br/>
					org.openqa.selenium.chrome.ChromeDriver.&lt;init&gt;(ChromeDriver.java:181)<br/>
					org.openqa.selenium.chrome.ChromeDriver.&lt;init&gt;(ChromeDriver.java:168)<br/>
					org.openqa.selenium.chrome.ChromeDriver.&lt;init&gt;(ChromeDriver.java:123)<br/>
					VivekTechnologies.base.TestBase.setup(TestBase.java:78)<br/>
					sun.reflect.NativeMethodAccessorImpl.invoke0(Native Method)<br/>
					sun.reflect.NativeMethodAccessorImpl.invoke(NativeMethodAccessorImpl.java:62)<br/>
					sun.reflect.DelegatingMethodAccessorImpl.invoke(DelegatingMethodAccessorImpl.java:43)<br/>
					java.lang.reflect.Method.invoke(Method.java:498)<br/>
					org.testng.internal.MethodInvocationHelper.invokeMethod(MethodInvocationHelper.java:134)<br/>
					org.testng.internal.MethodInvocationHelper.invokeMethodConsideringTimeout(MethodInvocationHelper.java:63)<br/>
					org.testng.internal.ConfigInvoker.invokeConfigurationMethod(ConfigInvoker.java:348)<br/>
					org.testng.internal.ConfigInvoker.invokeConfigurations(ConfigInvoker.java:302)<br/>
					org.testng.SuiteRunner.privateRun(SuiteRunner.java:327)<br/>
					org.testng.SuiteRunner.run(SuiteRunner.java:286)<br/>
					org.testng.SuiteRunnerWorker.runSuite(SuiteRunnerWorker.java:53)<br/>
					org.testng.SuiteRunnerWorker.run(SuiteRunnerWorker.java:96)<br/>
					org.testng.TestNG.runSuitesSequentially(TestNG.java:1187)<br/>
					org.testng.TestNG.runSuitesLocally(TestNG.java:1109)<br/>
					org.testng.TestNG.runSuites(TestNG.java:1039)<br/>
					org.testng.TestNG.run(TestNG.java:1007)<br/>
					org.apache.maven.surefire.testng.TestNGExecutor.run(TestNGExecutor.java:284)<br/>
					org.apache.maven.surefire.testng.TestNGXmlTestSuite.execute(TestNGXmlTestSuite.java:75)<br/>
					org.apache.maven.surefire.testng.TestNGProvider.invoke(TestNGProvider.java:119)<br/>
					org.apache.maven.surefire.booter.ForkedBooter.runSuitesInProcess(ForkedBooter.java:428)<br/>
					org.apache.maven.surefire.booter.ForkedBooter.execute(ForkedBooter.java:162)<br/>
					org.apache.maven.surefire.booter.ForkedBooter.run(ForkedBooter.java:562)<br/>
					org.apache.maven.surefire.booter.ForkedBooter.main(ForkedBooter.java:548)<br/>
						</div>
		</td>
	</div>
</tr>
						
			  
	</tbody>
	</table>
</div>
</body>
</html>
