<?xml version="1.0" encoding="UTF-8"?>
<testng-results skipped="1" failed="0" ignored="3" total="4" passed="0">
  <reporter-output>
    <line>
      <![CDATA[==============================================================================================]]>
    </line>
    <line>
      <![CDATA[Total Passed: 0(+0), Failures: 0(+0), Skips: 1(+1)]]>
    </line>
    <line>
      <![CDATA[==============================================================================================]]>
    </line>
    <line>
      <![CDATA[==============================================================================================]]>
    </line>
    <line>
      <![CDATA[Total Passed: 0(+0), Failures: 0(+0), Skips: 2(+1)]]>
    </line>
    <line>
      <![CDATA[==============================================================================================]]>
    </line>
  </reporter-output>
  <suite name="Data Driven Basics" duration-ms="93" started-at="2021-11-27T09:33:05 IST" finished-at="2021-11-27T09:33:05 IST">
    <groups>
      <group name="kiana">
        <method signature="Login.test1(java.lang.String)[pri:1, instance:VivekTechnologies.testcases.Login@799d4f69]" name="test1" class="VivekTechnologies.testcases.Login"/>
      </group> <!-- kiana -->
    </groups>
    <test name="Regression" duration-ms="93" started-at="2021-11-27T09:33:05 IST" finished-at="2021-11-27T09:33:05 IST">
      <class name="VivekTechnologies.testcases.Login">
        <test-method status="FAIL" signature="setup()[pri:0, instance:VivekTechnologies.testcases.Login@799d4f69]" name="setup" is-config="true" duration-ms="2492" started-at="2021-11-27T09:33:02 IST" finished-at="2021-11-27T09:33:05 IST">
          <exception class="org.openqa.selenium.SessionNotCreatedException">
            <message>
              <![CDATA[session not created: This version of ChromeDriver only supports Chrome version 91
Current browser version is 96.0.4664.45 with binary path C:\Program Files (x86)\Google\Chrome\Application\chrome.exe
Build info: version: '3.141.59', revision: 'e82be7d358', time: '2018-11-14T08:17:03'
System info: host: 'AVENGER-PC', ip: '192.168.29.136', os.name: 'Windows 10', os.arch: 'amd64', os.version: '10.0', java.version: '1.8.0_231'
Driver info: driver.version: ChromeDriver
remote stacktrace: Backtrace:
Ordinal0 [0x004D3733+2504499]
Ordinal0 [0x0046C401+2081793]
Ordinal0 [0x00372628+1058344]
Ordinal0 [0x0039071A+1181466]
Ordinal0 [0x0038C58C+1164684]
Ordinal0 [0x00389DC3+1154499]
Ordinal0 [0x003B9B82+1350530]
Ordinal0 [0x003B97DA+1349594]
Ordinal0 [0x003B5D4B+1334603]
Ordinal0 [0x003922B4+1188532]
Ordinal0 [0x00393149+1192265]
GetHandleVerifier [0x0064FB8C+1512252]
GetHandleVerifier [0x006FB0DF+2214031]
GetHandleVerifier [0x00554BC3+484211]
GetHandleVerifier [0x00553E69+480793]
Ordinal0 [0x0047218D+2105741]
Ordinal0 [0x004766E8+2123496]
Ordinal0 [0x00476827+2123815]
Ordinal0 [0x0047FB73+2161523]
BaseThreadInitThunk [0x7540FA29+25]
RtlGetAppContainerNamedObjectPath [0x773C7A9E+286]
RtlGetAppContainerNamedObjectPath [0x773C7A6E+238]
]]>
            </message>
            <full-stacktrace>
              <![CDATA[org.openqa.selenium.SessionNotCreatedException: session not created: This version of ChromeDriver only supports Chrome version 91
Current browser version is 96.0.4664.45 with binary path C:\Program Files (x86)\Google\Chrome\Application\chrome.exe
Build info: version: '3.141.59', revision: 'e82be7d358', time: '2018-11-14T08:17:03'
System info: host: 'AVENGER-PC', ip: '192.168.29.136', os.name: 'Windows 10', os.arch: 'amd64', os.version: '10.0', java.version: '1.8.0_231'
Driver info: driver.version: ChromeDriver
remote stacktrace: Backtrace:
Ordinal0 [0x004D3733+2504499]
Ordinal0 [0x0046C401+2081793]
Ordinal0 [0x00372628+1058344]
Ordinal0 [0x0039071A+1181466]
Ordinal0 [0x0038C58C+1164684]
Ordinal0 [0x00389DC3+1154499]
Ordinal0 [0x003B9B82+1350530]
Ordinal0 [0x003B97DA+1349594]
Ordinal0 [0x003B5D4B+1334603]
Ordinal0 [0x003922B4+1188532]
Ordinal0 [0x00393149+1192265]
GetHandleVerifier [0x0064FB8C+1512252]
GetHandleVerifier [0x006FB0DF+2214031]
GetHandleVerifier [0x00554BC3+484211]
GetHandleVerifier [0x00553E69+480793]
Ordinal0 [0x0047218D+2105741]
Ordinal0 [0x004766E8+2123496]
Ordinal0 [0x00476827+2123815]
Ordinal0 [0x0047FB73+2161523]
BaseThreadInitThunk [0x7540FA29+25]
RtlGetAppContainerNamedObjectPath [0x773C7A9E+286]
RtlGetAppContainerNamedObjectPath [0x773C7A6E+238]

at sun.reflect.NativeConstructorAccessorImpl.newInstance0(Native Method)
at sun.reflect.NativeConstructorAccessorImpl.newInstance(NativeConstructorAccessorImpl.java:62)
at sun.reflect.DelegatingConstructorAccessorImpl.newInstance(DelegatingConstructorAccessorImpl.java:45)
at java.lang.reflect.Constructor.newInstance(Constructor.java:423)
at org.openqa.selenium.remote.W3CHandshakeResponse.lambda$errorHandler$0(W3CHandshakeResponse.java:62)
at org.openqa.selenium.remote.HandshakeResponse.lambda$getResponseFunction$0(HandshakeResponse.java:30)
at org.openqa.selenium.remote.ProtocolHandshake.lambda$createSession$0(ProtocolHandshake.java:126)
at java.util.stream.ReferencePipeline$3$1.accept(ReferencePipeline.java:193)
at java.util.Spliterators$ArraySpliterator.tryAdvance(Spliterators.java:958)
at java.util.stream.ReferencePipeline.forEachWithCancel(ReferencePipeline.java:126)
at java.util.stream.AbstractPipeline.copyIntoWithCancel(AbstractPipeline.java:499)
at java.util.stream.AbstractPipeline.copyInto(AbstractPipeline.java:486)
at java.util.stream.AbstractPipeline.wrapAndCopyInto(AbstractPipeline.java:472)
at java.util.stream.FindOps$FindOp.evaluateSequential(FindOps.java:152)
at java.util.stream.AbstractPipeline.evaluate(AbstractPipeline.java:234)
at java.util.stream.ReferencePipeline.findFirst(ReferencePipeline.java:464)
at org.openqa.selenium.remote.ProtocolHandshake.createSession(ProtocolHandshake.java:128)
at org.openqa.selenium.remote.ProtocolHandshake.createSession(ProtocolHandshake.java:74)
at org.openqa.selenium.remote.HttpCommandExecutor.execute(HttpCommandExecutor.java:136)
at org.openqa.selenium.remote.service.DriverCommandExecutor.execute(DriverCommandExecutor.java:83)
at org.openqa.selenium.remote.RemoteWebDriver.execute(RemoteWebDriver.java:552)
at org.openqa.selenium.remote.RemoteWebDriver.startSession(RemoteWebDriver.java:213)
at org.openqa.selenium.remote.RemoteWebDriver.<init>(RemoteWebDriver.java:131)
at org.openqa.selenium.chrome.ChromeDriver.<init>(ChromeDriver.java:181)
at org.openqa.selenium.chrome.ChromeDriver.<init>(ChromeDriver.java:168)
at org.openqa.selenium.chrome.ChromeDriver.<init>(ChromeDriver.java:123)
at VivekTechnologies.base.TestBase.setup(TestBase.java:78)
at sun.reflect.NativeMethodAccessorImpl.invoke0(Native Method)
at sun.reflect.NativeMethodAccessorImpl.invoke(NativeMethodAccessorImpl.java:62)
at sun.reflect.DelegatingMethodAccessorImpl.invoke(DelegatingMethodAccessorImpl.java:43)
at java.lang.reflect.Method.invoke(Method.java:498)
at org.testng.internal.MethodInvocationHelper.invokeMethod(MethodInvocationHelper.java:134)
at org.testng.internal.MethodInvocationHelper.invokeMethodConsideringTimeout(MethodInvocationHelper.java:63)
at org.testng.internal.ConfigInvoker.invokeConfigurationMethod(ConfigInvoker.java:348)
at org.testng.internal.ConfigInvoker.invokeConfigurations(ConfigInvoker.java:302)
at org.testng.SuiteRunner.privateRun(SuiteRunner.java:327)
at org.testng.SuiteRunner.run(SuiteRunner.java:286)
at org.testng.SuiteRunnerWorker.runSuite(SuiteRunnerWorker.java:53)
at org.testng.SuiteRunnerWorker.run(SuiteRunnerWorker.java:96)
at org.testng.TestNG.runSuitesSequentially(TestNG.java:1187)
at org.testng.TestNG.runSuitesLocally(TestNG.java:1109)
at org.testng.TestNG.runSuites(TestNG.java:1039)
at org.testng.TestNG.run(TestNG.java:1007)
at org.apache.maven.surefire.testng.TestNGExecutor.run(TestNGExecutor.java:284)
at org.apache.maven.surefire.testng.TestNGXmlTestSuite.execute(TestNGXmlTestSuite.java:75)
at org.apache.maven.surefire.testng.TestNGProvider.invoke(TestNGProvider.java:119)
at org.apache.maven.surefire.booter.ForkedBooter.runSuitesInProcess(ForkedBooter.java:428)
at org.apache.maven.surefire.booter.ForkedBooter.execute(ForkedBooter.java:162)
at org.apache.maven.surefire.booter.ForkedBooter.run(ForkedBooter.java:562)
at org.apache.maven.surefire.booter.ForkedBooter.main(ForkedBooter.java:548)
]]>
            </full-stacktrace>
          </exception> <!-- org.openqa.selenium.SessionNotCreatedException -->
          <reporter-output>
          </reporter-output>
        </test-method> <!-- setup -->
        <test-method status="SKIP" signature="test1(java.lang.String)[pri:1, instance:VivekTechnologies.testcases.Login@799d4f69]" name="test1" duration-ms="0" started-at="2021-11-27T09:33:05 IST" finished-at="2021-11-27T09:33:05 IST">
          <exception class="org.openqa.selenium.SessionNotCreatedException">
            <message>
              <![CDATA[session not created: This version of ChromeDriver only supports Chrome version 91
Current browser version is 96.0.4664.45 with binary path C:\Program Files (x86)\Google\Chrome\Application\chrome.exe
Build info: version: '3.141.59', revision: 'e82be7d358', time: '2018-11-14T08:17:03'
System info: host: 'AVENGER-PC', ip: '192.168.29.136', os.name: 'Windows 10', os.arch: 'amd64', os.version: '10.0', java.version: '1.8.0_231'
Driver info: driver.version: ChromeDriver
remote stacktrace: Backtrace:
Ordinal0 [0x004D3733+2504499]
Ordinal0 [0x0046C401+2081793]
Ordinal0 [0x00372628+1058344]
Ordinal0 [0x0039071A+1181466]
Ordinal0 [0x0038C58C+1164684]
Ordinal0 [0x00389DC3+1154499]
Ordinal0 [0x003B9B82+1350530]
Ordinal0 [0x003B97DA+1349594]
Ordinal0 [0x003B5D4B+1334603]
Ordinal0 [0x003922B4+1188532]
Ordinal0 [0x00393149+1192265]
GetHandleVerifier [0x0064FB8C+1512252]
GetHandleVerifier [0x006FB0DF+2214031]
GetHandleVerifier [0x00554BC3+484211]
GetHandleVerifier [0x00553E69+480793]
Ordinal0 [0x0047218D+2105741]
Ordinal0 [0x004766E8+2123496]
Ordinal0 [0x00476827+2123815]
Ordinal0 [0x0047FB73+2161523]
BaseThreadInitThunk [0x7540FA29+25]
RtlGetAppContainerNamedObjectPath [0x773C7A9E+286]
RtlGetAppContainerNamedObjectPath [0x773C7A6E+238]
]]>
            </message>
            <full-stacktrace>
              <![CDATA[org.openqa.selenium.SessionNotCreatedException: session not created: This version of ChromeDriver only supports Chrome version 91
Current browser version is 96.0.4664.45 with binary path C:\Program Files (x86)\Google\Chrome\Application\chrome.exe
Build info: version: '3.141.59', revision: 'e82be7d358', time: '2018-11-14T08:17:03'
System info: host: 'AVENGER-PC', ip: '192.168.29.136', os.name: 'Windows 10', os.arch: 'amd64', os.version: '10.0', java.version: '1.8.0_231'
Driver info: driver.version: ChromeDriver
remote stacktrace: Backtrace:
Ordinal0 [0x004D3733+2504499]
Ordinal0 [0x0046C401+2081793]
Ordinal0 [0x00372628+1058344]
Ordinal0 [0x0039071A+1181466]
Ordinal0 [0x0038C58C+1164684]
Ordinal0 [0x00389DC3+1154499]
Ordinal0 [0x003B9B82+1350530]
Ordinal0 [0x003B97DA+1349594]
Ordinal0 [0x003B5D4B+1334603]
Ordinal0 [0x003922B4+1188532]
Ordinal0 [0x00393149+1192265]
GetHandleVerifier [0x0064FB8C+1512252]
GetHandleVerifier [0x006FB0DF+2214031]
GetHandleVerifier [0x00554BC3+484211]
GetHandleVerifier [0x00553E69+480793]
Ordinal0 [0x0047218D+2105741]
Ordinal0 [0x004766E8+2123496]
Ordinal0 [0x00476827+2123815]
Ordinal0 [0x0047FB73+2161523]
BaseThreadInitThunk [0x7540FA29+25]
RtlGetAppContainerNamedObjectPath [0x773C7A9E+286]
RtlGetAppContainerNamedObjectPath [0x773C7A6E+238]

at sun.reflect.NativeConstructorAccessorImpl.newInstance0(Native Method)
at sun.reflect.NativeConstructorAccessorImpl.newInstance(NativeConstructorAccessorImpl.java:62)
at sun.reflect.DelegatingConstructorAccessorImpl.newInstance(DelegatingConstructorAccessorImpl.java:45)
at java.lang.reflect.Constructor.newInstance(Constructor.java:423)
at org.openqa.selenium.remote.W3CHandshakeResponse.lambda$errorHandler$0(W3CHandshakeResponse.java:62)
at org.openqa.selenium.remote.HandshakeResponse.lambda$getResponseFunction$0(HandshakeResponse.java:30)
at org.openqa.selenium.remote.ProtocolHandshake.lambda$createSession$0(ProtocolHandshake.java:126)
at java.util.stream.ReferencePipeline$3$1.accept(ReferencePipeline.java:193)
at java.util.Spliterators$ArraySpliterator.tryAdvance(Spliterators.java:958)
at java.util.stream.ReferencePipeline.forEachWithCancel(ReferencePipeline.java:126)
at java.util.stream.AbstractPipeline.copyIntoWithCancel(AbstractPipeline.java:499)
at java.util.stream.AbstractPipeline.copyInto(AbstractPipeline.java:486)
at java.util.stream.AbstractPipeline.wrapAndCopyInto(AbstractPipeline.java:472)
at java.util.stream.FindOps$FindOp.evaluateSequential(FindOps.java:152)
at java.util.stream.AbstractPipeline.evaluate(AbstractPipeline.java:234)
at java.util.stream.ReferencePipeline.findFirst(ReferencePipeline.java:464)
at org.openqa.selenium.remote.ProtocolHandshake.createSession(ProtocolHandshake.java:128)
at org.openqa.selenium.remote.ProtocolHandshake.createSession(ProtocolHandshake.java:74)
at org.openqa.selenium.remote.HttpCommandExecutor.execute(HttpCommandExecutor.java:136)
at org.openqa.selenium.remote.service.DriverCommandExecutor.execute(DriverCommandExecutor.java:83)
at org.openqa.selenium.remote.RemoteWebDriver.execute(RemoteWebDriver.java:552)
at org.openqa.selenium.remote.RemoteWebDriver.startSession(RemoteWebDriver.java:213)
at org.openqa.selenium.remote.RemoteWebDriver.<init>(RemoteWebDriver.java:131)
at org.openqa.selenium.chrome.ChromeDriver.<init>(ChromeDriver.java:181)
at org.openqa.selenium.chrome.ChromeDriver.<init>(ChromeDriver.java:168)
at org.openqa.selenium.chrome.ChromeDriver.<init>(ChromeDriver.java:123)
at VivekTechnologies.base.TestBase.setup(TestBase.java:78)
at sun.reflect.NativeMethodAccessorImpl.invoke0(Native Method)
at sun.reflect.NativeMethodAccessorImpl.invoke(NativeMethodAccessorImpl.java:62)
at sun.reflect.DelegatingMethodAccessorImpl.invoke(DelegatingMethodAccessorImpl.java:43)
at java.lang.reflect.Method.invoke(Method.java:498)
at org.testng.internal.MethodInvocationHelper.invokeMethod(MethodInvocationHelper.java:134)
at org.testng.internal.MethodInvocationHelper.invokeMethodConsideringTimeout(MethodInvocationHelper.java:63)
at org.testng.internal.ConfigInvoker.invokeConfigurationMethod(ConfigInvoker.java:348)
at org.testng.internal.ConfigInvoker.invokeConfigurations(ConfigInvoker.java:302)
at org.testng.SuiteRunner.privateRun(SuiteRunner.java:327)
at org.testng.SuiteRunner.run(SuiteRunner.java:286)
at org.testng.SuiteRunnerWorker.runSuite(SuiteRunnerWorker.java:53)
at org.testng.SuiteRunnerWorker.run(SuiteRunnerWorker.java:96)
at org.testng.TestNG.runSuitesSequentially(TestNG.java:1187)
at org.testng.TestNG.runSuitesLocally(TestNG.java:1109)
at org.testng.TestNG.runSuites(TestNG.java:1039)
at org.testng.TestNG.run(TestNG.java:1007)
at org.apache.maven.surefire.testng.TestNGExecutor.run(TestNGExecutor.java:284)
at org.apache.maven.surefire.testng.TestNGXmlTestSuite.execute(TestNGXmlTestSuite.java:75)
at org.apache.maven.surefire.testng.TestNGProvider.invoke(TestNGProvider.java:119)
at org.apache.maven.surefire.booter.ForkedBooter.runSuitesInProcess(ForkedBooter.java:428)
at org.apache.maven.surefire.booter.ForkedBooter.execute(ForkedBooter.java:162)
at org.apache.maven.surefire.booter.ForkedBooter.run(ForkedBooter.java:562)
at org.apache.maven.surefire.booter.ForkedBooter.main(ForkedBooter.java:548)
]]>
            </full-stacktrace>
          </exception> <!-- org.openqa.selenium.SessionNotCreatedException -->
          <reporter-output>
            <line>
              <![CDATA[==============================================================================================]]>
            </line>
            <line>
              <![CDATA[Total Passed: 0(+0), Failures: 0(+0), Skips: 1(+1)]]>
            </line>
            <line>
              <![CDATA[==============================================================================================]]>
            </line>
            <line>
              <![CDATA[==============================================================================================]]>
            </line>
            <line>
              <![CDATA[Total Passed: 0(+0), Failures: 0(+0), Skips: 2(+1)]]>
            </line>
            <line>
              <![CDATA[==============================================================================================]]>
            </line>
          </reporter-output>
        </test-method> <!-- test1 -->
        <test-method status="SKIP" signature="teardown()[pri:0, instance:VivekTechnologies.testcases.Login@799d4f69]" name="teardown" is-config="true" duration-ms="-1637985785727" started-at="2021-11-27T09:33:05 IST" finished-at="1970-01-01T05:30:00 IST">
          <reporter-output>
          </reporter-output>
        </test-method> <!-- teardown -->
      </class> <!-- VivekTechnologies.testcases.Login -->
    </test> <!-- Regression -->
  </suite> <!-- Data Driven Basics -->
</testng-results>
